SF:lib/data/datasources/tv_show_local_data_source.dart
DA:14,1
DA:17,1
DA:19,3
DA:22,2
DA:27,1
DA:29,3
DA:32,2
DA:37,1
DA:38,3
DA:40,1
DA:47,1
DA:48,3
DA:49,4
LF:13
LH:13
end_of_record
SF:lib/data/datasources/tv_show_remote_data_source.dart
DA:21,1
DA:24,1
DA:26,5
DA:28,2
DA:29,4
DA:31,1
DA:36,1
DA:37,5
DA:39,2
DA:40,3
DA:42,1
DA:47,1
DA:48,2
DA:49,3
DA:51,2
DA:52,4
DA:54,1
DA:59,1
DA:61,5
DA:63,2
DA:64,4
DA:66,1
DA:71,1
DA:73,5
DA:75,2
DA:76,4
DA:78,1
DA:83,1
DA:84,2
DA:85,3
DA:87,2
DA:88,4
DA:90,1
LF:33
LH:33
end_of_record
SF:lib/data/models/tv_show_detail_model.dart
DA:7,3
DA:57,2
DA:58,2
DA:59,2
DA:60,8
DA:61,2
DA:62,2
DA:63,8
DA:64,2
DA:65,2
DA:66,2
DA:67,8
DA:68,2
DA:69,2
DA:70,2
DA:71,2
DA:72,2
DA:73,2
DA:74,2
DA:75,4
DA:76,2
DA:77,2
DA:78,2
DA:79,2
DA:80,2
DA:81,8
DA:82,4
DA:83,2
DA:86,2
DA:87,1
DA:88,4
DA:89,1
DA:90,5
DA:91,1
DA:92,1
DA:93,1
DA:94,4
DA:95,1
DA:96,1
DA:97,1
DA:98,1
DA:99,1
DA:100,1
DA:101,1
DA:102,1
DA:103,1
DA:104,1
DA:105,1
DA:106,1
DA:107,5
DA:108,1
DA:109,1
DA:112,2
DA:113,2
DA:114,2
DA:115,2
DA:116,2
DA:117,10
DA:118,2
DA:119,2
DA:120,2
DA:121,2
DA:122,2
DA:123,2
DA:124,2
DA:125,10
DA:126,2
DA:127,2
DA:131,2
DA:132,2
DA:133,2
DA:134,2
DA:135,2
DA:136,2
DA:137,2
DA:138,2
DA:139,2
DA:140,2
DA:141,2
DA:142,2
DA:143,2
DA:144,2
DA:145,2
DA:146,2
DA:147,2
DA:148,2
DA:149,2
DA:150,2
DA:151,2
DA:152,2
DA:153,2
DA:154,2
DA:155,2
LF:93
LH:93
end_of_record
SF:lib/data/models/tv_show_model.dart
DA:5,5
DA:35,4
DA:36,2
DA:37,2
DA:38,8
DA:39,2
DA:40,2
DA:41,2
DA:42,2
DA:43,8
DA:44,2
DA:45,4
DA:46,2
DA:47,4
DA:48,2
DA:51,2
DA:52,1
DA:53,1
DA:54,4
DA:55,1
DA:56,1
DA:57,1
DA:58,1
DA:59,1
DA:60,1
DA:61,1
DA:62,1
DA:63,1
DA:64,1
DA:67,2
DA:68,2
DA:69,2
DA:70,2
DA:71,2
DA:72,2
DA:73,2
DA:74,2
DA:75,2
DA:76,2
DA:77,2
DA:78,2
DA:79,2
DA:80,2
DA:81,2
DA:85,2
DA:86,2
DA:87,2
DA:88,2
DA:89,2
DA:90,2
DA:91,2
DA:92,2
DA:93,2
DA:94,2
DA:95,2
DA:96,2
DA:97,2
DA:98,2
DA:99,2
LF:59
LH:59
end_of_record
SF:lib/data/models/tv_show_table.dart
DA:11,15
DA:18,2
DA:19,1
DA:20,1
DA:21,1
DA:22,1
DA:25,2
DA:26,1
DA:27,1
DA:28,1
DA:29,1
DA:32,0
DA:33,0
DA:34,0
DA:35,0
DA:36,0
DA:39,2
DA:40,1
DA:41,1
DA:42,1
DA:43,1
DA:46,2
DA:47,10
LF:23
LH:18
end_of_record
SF:lib/domain/entities/tv_show.dart
DA:4,12
DA:20,2
DA:41,7
DA:42,7
DA:43,7
DA:44,7
DA:45,7
DA:46,7
DA:47,7
DA:48,7
DA:49,7
DA:50,7
DA:51,7
DA:52,7
DA:53,7
DA:54,7
DA:55,7
LF:17
LH:17
end_of_record
SF:lib/domain/entities/tv_show_detail.dart
DA:6,8
DA:38,3
DA:39,3
DA:40,3
DA:41,3
DA:42,3
DA:43,3
DA:44,3
DA:45,3
DA:46,3
DA:47,3
DA:48,3
DA:49,3
DA:50,3
DA:51,3
DA:52,3
DA:53,3
LF:17
LH:17
end_of_record
SF:lib/data/models/tv_show_response.dart
DA:7,3
DA:9,4
DA:10,4
DA:11,6
DA:12,6
DA:15,2
DA:16,5
DA:19,1
DA:20,2
LF:9
LH:9
end_of_record
SF:lib/data/models/season_model.dart
DA:5,4
DA:23,4
DA:24,2
DA:25,2
DA:26,2
DA:27,2
DA:28,2
DA:29,2
DA:30,2
DA:33,2
DA:34,1
DA:35,1
DA:36,1
DA:37,1
DA:38,1
DA:39,1
DA:40,1
DA:43,2
DA:44,2
DA:45,2
DA:46,2
DA:47,2
DA:48,2
DA:49,2
DA:50,2
DA:51,2
DA:55,2
DA:56,2
DA:57,2
DA:58,2
DA:59,2
DA:60,2
DA:61,2
DA:62,2
DA:63,2
LF:35
LH:35
end_of_record
SF:lib/domain/entities/season.dart
DA:4,8
DA:22,3
DA:23,3
DA:24,3
DA:25,3
DA:26,3
DA:27,3
DA:28,3
DA:29,3
DA:30,3
LF:10
LH:10
end_of_record
SF:lib/data/repositories/tv_show_repository_impl.dart
DA:16,1
DA:22,1
DA:24,3
DA:25,5
DA:26,1
DA:28,1
DA:34,1
DA:36,3
DA:37,2
DA:38,1
DA:40,1
DA:46,1
DA:48,3
DA:49,3
DA:50,1
DA:52,1
DA:58,1
DA:60,3
DA:61,5
DA:62,1
DA:64,1
DA:70,1
DA:72,3
DA:73,5
DA:74,1
DA:76,1
DA:82,1
DA:84,3
DA:85,5
DA:86,1
DA:88,1
DA:94,1
DA:97,4
DA:98,1
DA:99,1
DA:100,3
DA:107,1
DA:110,4
DA:111,1
DA:112,1
DA:113,3
DA:118,1
DA:119,3
DA:124,1
DA:125,3
DA:126,5
LF:46
LH:46
end_of_record
SF:lib/domain/usecases/get_now_playing_tv_shows.dart
DA:9,1
DA:11,1
DA:12,2
LF:3
LH:3
end_of_record
SF:lib/domain/usecases/get_popular_tv_shows.dart
DA:9,1
DA:11,1
DA:12,2
LF:3
LH:3
end_of_record
SF:lib/domain/usecases/get_top_rated_tv_shows.dart
DA:9,1
DA:11,1
DA:12,2
LF:3
LH:3
end_of_record
SF:lib/domain/usecases/get_tv_show_detail.dart
DA:9,1
DA:11,1
DA:12,2
LF:3
LH:3
end_of_record
SF:lib/domain/usecases/get_tv_show_recommendations.dart
DA:9,1
DA:11,1
DA:12,2
LF:3
LH:3
end_of_record
SF:lib/domain/usecases/get_watchlist_status_tv_show.dart
DA:6,1
DA:8,1
DA:9,2
LF:3
LH:3
end_of_record
SF:lib/domain/usecases/get_watchlist_tv_shows.dart
DA:9,1
DA:11,1
DA:12,2
LF:3
LH:3
end_of_record
SF:lib/domain/usecases/remove_watchlist_tv_shows.dart
DA:9,1
DA:11,1
DA:12,2
LF:3
LH:3
end_of_record
SF:lib/domain/usecases/save_watchlist_tv_show.dart
DA:9,1
DA:11,1
DA:12,2
LF:3
LH:3
end_of_record
SF:lib/presentation/cubit/now_playing_tv_shows/now_playing_tv_shows_cubit.dart
DA:8,1
DA:10,2
DA:12,1
DA:13,2
DA:15,3
DA:17,1
DA:18,1
DA:19,3
DA:21,1
DA:22,2
DA:23,1
LF:11
LH:11
end_of_record
SF:lib/presentation/cubit/now_playing_tv_shows/now_playing_tv_shows_state.dart
DA:5,4
DA:7,1
DA:8,1
DA:18,3
DA:20,1
DA:21,2
DA:27,3
DA:29,1
DA:30,2
LF:9
LH:9
end_of_record
SF:lib/presentation/cubit/popular_tv_shows/popular_tv_shows_cubit.dart
DA:8,3
DA:10,1
DA:11,2
DA:13,3
DA:15,1
DA:16,1
DA:17,3
DA:19,1
DA:20,2
DA:21,1
LF:10
LH:10
end_of_record
SF:lib/presentation/cubit/popular_tv_shows/popular_tv_shows_state.dart
DA:5,6
DA:7,1
DA:8,1
DA:18,4
DA:20,1
DA:21,2
DA:27,5
DA:29,1
DA:30,2
LF:9
LH:9
end_of_record
SF:lib/presentation/cubit/top_rated_tv_shows/top_rated_tv_shows_cubit.dart
DA:8,1
DA:9,2
DA:11,1
DA:12,2
DA:14,3
DA:16,1
DA:17,1
DA:18,3
DA:20,1
DA:21,2
DA:22,1
LF:11
LH:11
end_of_record
SF:lib/presentation/cubit/top_rated_tv_shows/top_rated_tv_shows_state.dart
DA:5,6
DA:7,1
DA:8,1
DA:18,4
DA:20,1
DA:21,2
DA:27,5
DA:29,1
DA:30,2
LF:9
LH:9
end_of_record
SF:lib/presentation/cubit/tv_show_detail/tv_show_detail_cubit.dart
DA:8,3
DA:10,1
DA:11,2
DA:13,3
DA:15,1
DA:16,1
DA:17,3
DA:19,1
DA:20,2
LF:9
LH:9
end_of_record
SF:lib/presentation/cubit/tv_show_detail/tv_show_detail_state.dart
DA:5,4
DA:7,1
DA:8,1
DA:18,3
DA:20,1
DA:21,2
DA:27,2
DA:29,1
DA:30,2
LF:9
LH:9
end_of_record
SF:lib/presentation/cubit/tv_show_recommendations/tv_show_recommendations_cubit.dart
DA:8,1
DA:9,2
DA:11,1
DA:12,2
DA:14,3
DA:16,1
DA:17,1
DA:18,3
DA:20,1
DA:21,2
DA:22,1
LF:11
LH:11
end_of_record
SF:lib/presentation/cubit/tv_show_recommendations/tv_show_recommendations_state.dart
DA:5,4
DA:7,1
DA:8,1
DA:18,3
DA:20,1
DA:21,2
DA:27,3
DA:29,1
DA:30,2
LF:9
LH:9
end_of_record
SF:lib/presentation/cubit/watchlist_tv_show/watchlist_tv_show_cubit.dart
DA:15,1
DA:20,2
DA:22,1
DA:23,2
DA:25,3
DA:27,1
DA:28,1
DA:29,3
DA:31,1
DA:32,2
DA:33,1
DA:38,1
DA:39,3
DA:41,1
DA:42,1
DA:43,3
DA:45,1
DA:46,2
DA:51,1
DA:52,3
DA:54,1
DA:55,1
DA:56,3
DA:58,1
DA:59,2
DA:64,1
DA:65,3
DA:66,2
LF:28
LH:28
end_of_record
SF:lib/presentation/cubit/watchlist_tv_show/watchlist_tv_show_state.dart
DA:5,5
DA:7,1
DA:8,1
DA:18,3
DA:20,1
DA:21,2
DA:27,3
DA:29,1
DA:30,2
DA:36,3
DA:38,1
DA:39,2
DA:45,3
DA:47,1
DA:48,2
LF:15
LH:15
end_of_record
SF:lib/presentation/pages/home_tv_show_page.dart
DA:13,1
DA:15,1
DA:16,1
DA:20,1
DA:22,1
DA:23,2
DA:24,3
DA:25,3
DA:26,3
DA:30,1
DA:32,1
DA:33,1
DA:36,1
DA:37,1
DA:38,0
DA:39,0
DA:45,1
DA:47,1
DA:48,1
DA:50,1
DA:51,1
DA:53,1
DA:55,1
DA:56,1
DA:57,1
DA:61,1
DA:62,1
DA:66,1
DA:67,2
DA:68,1
DA:69,1
DA:74,0
DA:78,1
DA:80,0
DA:82,1
DA:83,1
DA:84,1
DA:88,1
DA:89,1
DA:93,1
DA:94,2
DA:95,1
DA:96,1
DA:101,0
DA:105,1
DA:107,0
DA:109,1
DA:110,1
DA:111,1
DA:115,1
DA:116,1
DA:120,1
DA:121,2
DA:122,1
DA:123,1
DA:128,0
DA:143,2
DA:145,1
DA:147,1
DA:149,1
DA:151,1
DA:152,2
DA:153,1
DA:154,1
DA:155,0
DA:156,0
DA:159,0
DA:164,2
LF:68
LH:58
end_of_record
SF:lib/presentation/pages/popular_tv_shows_page.dart
DA:8,1
DA:10,1
DA:11,1
DA:15,1
DA:17,1
DA:18,5
DA:21,1
DA:23,1
DA:24,1
DA:27,1
DA:29,1
DA:30,1
DA:31,1
DA:35,1
DA:40,1
DA:41,1
DA:42,1
DA:43,2
DA:44,1
DA:50,2
DA:52,1
DA:53,1
DA:55,2
DA:58,0
LF:24
LH:23
end_of_record
SF:lib/presentation/pages/top_rated_tv_shows_page.dart
DA:8,1
DA:10,1
DA:11,1
DA:15,1
DA:17,1
DA:18,1
DA:19,4
DA:23,1
DA:25,1
DA:26,1
DA:29,1
DA:31,1
DA:32,1
DA:33,1
DA:37,1
DA:42,1
DA:43,1
DA:44,1
DA:45,2
DA:46,1
DA:52,2
DA:54,1
DA:55,1
DA:57,2
DA:60,0
LF:25
LH:24
end_of_record
SF:lib/presentation/pages/tv_show_detail_page.dart
DA:17,1
DA:19,1
DA:20,1
DA:24,1
DA:26,1
DA:27,2
DA:28,5
DA:29,5
DA:30,5
DA:34,1
DA:36,1
DA:37,1
DA:38,1
DA:39,2
DA:40,2
DA:41,2
DA:42,1
DA:43,2
DA:47,1
DA:49,1
DA:50,1
DA:51,2
DA:58,1
DA:59,1
DA:60,1
DA:61,1
DA:65,1
DA:66,1
DA:67,1
DA:68,1
DA:69,1
DA:71,1
DA:72,1
DA:74,1
DA:77,1
DA:78,1
DA:80,1
DA:83,0
DA:96,1
DA:97,1
DA:99,1
DA:101,3
DA:102,1
DA:103,1
DA:104,1
DA:105,3
DA:107,1
DA:110,0
DA:112,1
DA:114,1
DA:115,1
DA:116,1
DA:126,1
DA:127,1
DA:128,1
DA:130,1
DA:132,1
DA:134,1
DA:135,1
DA:136,2
DA:137,1
DA:139,1
DA:140,1
DA:141,1
DA:142,1
DA:143,2
DA:144,3
DA:146,0
DA:147,0
DA:148,0
DA:151,1
DA:153,1
DA:154,1
DA:161,1
DA:162,3
DA:164,1
DA:165,3
DA:166,3
DA:167,1
DA:169,1
DA:170,1
DA:171,1
DA:172,3
DA:174,1
DA:180,4
DA:184,1
DA:186,1
DA:188,1
DA:189,2
DA:192,1
DA:194,1
DA:196,1
DA:197,3
DA:200,1
DA:202,1
DA:204,1
DA:205,3
DA:208,1
DA:210,1
DA:212,3
DA:214,1
DA:216,1
DA:218,1
DA:220,1
DA:221,1
DA:226,1
DA:227,1
DA:229,2
DA:232,1
DA:233,0
DA:238,1
DA:239,1
DA:241,1
DA:243,1
DA:244,2
DA:245,1
DA:248,1
DA:249,0
DA:250,0
DA:253,0
DA:256,1
DA:261,1
DA:263,2
DA:264,1
DA:270,0
DA:277,2
DA:281,0
DA:289,1
DA:291,1
DA:306,1
DA:308,1
DA:311,1
DA:313,0
DA:314,0
DA:327,1
DA:330,1
DA:332,1
DA:334,1
DA:336,1
DA:338,1
DA:339,2
DA:340,1
DA:342,1
DA:343,1
DA:344,1
DA:346,1
DA:347,1
DA:354,1
DA:356,1
DA:357,1
DA:358,2
DA:361,1
DA:364,1
DA:365,5
DA:374,1
DA:379,1
DA:380,1
DA:381,1
DA:382,2
DA:384,1
DA:387,0
DA:390,0
DA:401,2
LF:163
LH:148
end_of_record
SF:lib/presentation/pages/watchlist_tv_show_page.dart
DA:8,27
DA:10,1
DA:11,1
DA:16,1
DA:18,1
DA:19,1
DA:20,4
DA:24,1
DA:26,1
DA:27,4
DA:30,0
DA:32,0
DA:35,1
DA:37,1
DA:39,1
DA:40,1
DA:41,1
DA:45,1
DA:50,1
DA:51,1
DA:52,1
DA:53,2
DA:54,1
DA:60,2
DA:62,1
DA:63,1
DA:65,2
DA:68,0
DA:75,1
DA:77,2
DA:78,1
LF:31
LH:28
end_of_record
