SF:lib/domain/usecases/search_tv_shows.dart
DA:9,1
DA:11,1
DA:12,2
LF:3
LH:3
end_of_record
SF:lib/domain/usecases/search_movies.dart
DA:9,1
DA:11,1
DA:12,2
LF:3
LH:3
end_of_record
SF:lib/presentation/bloc/search_bloc.dart
DA:12,3
DA:13,2
DA:14,1
DA:15,2
DA:16,3
DA:17,5
DA:18,1
DA:19,2
DA:20,1
DA:21,2
DA:24,1
DA:30,3
DA:31,2
DA:32,1
DA:33,2
DA:34,3
DA:35,5
DA:36,1
DA:37,2
DA:38,1
DA:39,2
DA:42,1
DA:46,1
DA:47,3
LF:24
LH:24
end_of_record
SF:lib/presentation/bloc/search_event.dart
DA:4,3
DA:6,0
DA:7,0
DA:13,3
DA:15,1
DA:16,2
LF:6
LH:4
end_of_record
SF:lib/presentation/bloc/search_state.dart
DA:4,4
DA:6,1
DA:7,1
DA:17,3
DA:19,1
DA:20,2
DA:26,3
DA:28,1
DA:29,2
LF:9
LH:9
end_of_record
SF:lib/presentation/pages/search_page.dart
DA:11,1
DA:13,1
DA:14,1
DA:18,1
DA:20,1
DA:21,1
DA:23,1
DA:25,1
DA:26,1
DA:27,2
DA:29,1
DA:31,1
DA:33,1
DA:34,1
DA:36,1
DA:37,1
DA:39,1
DA:40,2
DA:43,1
DA:44,2
DA:55,1
DA:57,1
DA:59,1
DA:72,2
DA:74,1
DA:76,1
DA:77,1
DA:78,1
DA:82,1
DA:87,1
DA:88,1
DA:90,1
DA:91,1
DA:93,1
DA:94,1
DA:95,1
DA:101,1
DA:104,1
DA:105,1
DA:107,2
DA:110,0
DA:118,2
DA:120,1
DA:122,1
DA:123,1
DA:124,1
DA:128,1
DA:133,1
DA:134,1
DA:136,1
DA:137,1
DA:139,1
DA:140,1
DA:141,1
DA:147,1
DA:150,1
DA:151,1
DA:153,2
DA:156,0
LF:59
LH:57
end_of_record
